Building DAG of jobs...
Using shell: /bin/bash
Provided cores: 15
Rules claiming more threads will be scaled down.
Job counts:
	count	jobs
	1	all
	1	analyse
	1	mapping
	3
Select jobs to execute...

[Thu Jul  8 13:25:22 2021]
rule mapping:
    input: output/family/BiG-MAP.pickle, output/download
    output: output/mapping/biom-results/BiG-MAP.mapcore.metacore.dec.biom
    jobid: 2
    threads: 15

python3 /lustre/BIF/nobackup/augus011/data/snakemake_big-map/BiG-MAP/src/BiG-MAP.map.py -O output/mapping/ -b /mnt/scratch/pasca005/BiG-MAP_pipeline/tutorial_metaddata.txt -I1 output/download/*pass_1* -I2 output/download/*pass_2* -P output/family/BiG-MAP.pickle -th 15
Activating conda environment: /lustre/BIF/nobackup/augus011/programs/snakemake_envs/cbfb4067
Waiting at most 5 seconds for missing files.
MissingOutputException in line 72 of /lustre/BIF/nobackup/augus011/data/snakemake_big-map/BiG-MAP_snakemake/Snakefile:
Job Missing files after 5 seconds:
output/mapping/biom-results/BiG-MAP.mapcore.metacore.dec.biom
This might be due to filesystem latency. If that is the case, consider to increase the wait time with --latency-wait.
Job id: 2 completed successfully, but some output files are missing. 2
  File "/lustre/BIF/nobackup/augus011/programs/miniconda3/envs/snake_make/lib/python3.9/site-packages/snakemake/executors/__init__.py", line 583, in handle_job_success
  File "/lustre/BIF/nobackup/augus011/programs/miniconda3/envs/snake_make/lib/python3.9/site-packages/snakemake/executors/__init__.py", line 252, in handle_job_success
Shutting down, this might take some time.
Exiting because a job execution failed. Look above for error message
Complete log: /lustre/BIF/nobackup/augus011/data/snakemake_big-map/BiG-MAP_snakemake/.snakemake/log/2021-07-08T132521.335754.snakemake.log
